2024-06-08 21:02:50.085  INFO 5740 --- [restartedMain] project.todolist.TodolistApplication     : Starting TodolistApplication using Java 17.0.11 on DESKTOP-J9ECCIO with PID 5740 (C:\Users\pc\Desktop\todolist-main\target\classes started by pc in C:\Users\pc\Desktop\todolist-main)
2024-06-08 21:02:50.094  INFO 5740 --- [restartedMain] project.todolist.TodolistApplication     : No active profile set, falling back to 1 default profile: "default"
2024-06-08 21:02:50.170  INFO 5740 --- [restartedMain] .e.DevToolsPropertyDefaultsPostProcessor : Devtools property defaults active! Set 'spring.devtools.add-properties' to 'false' to disable
2024-06-08 21:02:50.170  INFO 5740 --- [restartedMain] .e.DevToolsPropertyDefaultsPostProcessor : For additional web related logging consider setting the 'logging.level.web' property to 'DEBUG'
2024-06-08 21:02:51.204  INFO 5740 --- [restartedMain] .s.d.r.c.RepositoryConfigurationDelegate : Bootstrapping Spring Data JPA repositories in DEFAULT mode.
2024-06-08 21:02:51.313  INFO 5740 --- [restartedMain] .s.d.r.c.RepositoryConfigurationDelegate : Finished Spring Data repository scanning in 95 ms. Found 5 JPA repository interfaces.
2024-06-08 21:02:52.204  INFO 5740 --- [restartedMain] o.s.b.w.embedded.tomcat.TomcatWebServer  : Tomcat initialized with port(s): 8088 (http)
2024-06-08 21:02:52.217  INFO 5740 --- [restartedMain] o.apache.catalina.core.StandardService   : Starting service [Tomcat]
2024-06-08 21:02:52.218  INFO 5740 --- [restartedMain] org.apache.catalina.core.StandardEngine  : Starting Servlet engine: [Apache Tomcat/9.0.71]
2024-06-08 21:02:52.318  INFO 5740 --- [restartedMain] o.a.c.c.C.[Tomcat].[localhost].[/]       : Initializing Spring embedded WebApplicationContext
2024-06-08 21:02:52.318  INFO 5740 --- [restartedMain] w.s.c.ServletWebServerApplicationContext : Root WebApplicationContext: initialization completed in 2147 ms
2024-06-08 21:02:52.589  INFO 5740 --- [restartedMain] o.hibernate.jpa.internal.util.LogHelper  : HHH000204: Processing PersistenceUnitInfo [name: default]
2024-06-08 21:02:52.675  INFO 5740 --- [restartedMain] org.hibernate.Version                    : HHH000412: Hibernate ORM core version 5.6.14.Final
2024-06-08 21:02:52.922  INFO 5740 --- [restartedMain] o.hibernate.annotations.common.Version   : HCANN000001: Hibernate Commons Annotations {5.1.2.Final}
2024-06-08 21:02:53.076  INFO 5740 --- [restartedMain] com.zaxxer.hikari.HikariDataSource       : HikariPool-1 - Starting...
2024-06-08 21:02:53.562  INFO 5740 --- [restartedMain] com.zaxxer.hikari.HikariDataSource       : HikariPool-1 - Start completed.
2024-06-08 21:02:53.607  INFO 5740 --- [restartedMain] org.hibernate.dialect.Dialect            : HHH000400: Using dialect: org.hibernate.dialect.MySQL8Dialect
2024-06-08 21:02:54.779  INFO 5740 --- [restartedMain] o.h.e.t.j.p.i.JtaPlatformInitiator       : HHH000490: Using JtaPlatform implementation: [org.hibernate.engine.transaction.jta.platform.internal.NoJtaPlatform]
2024-06-08 21:02:54.790  INFO 5740 --- [restartedMain] j.LocalContainerEntityManagerFactoryBean : Initialized JPA EntityManagerFactory for persistence unit 'default'
2024-06-08 21:02:55.567  INFO 5740 --- [restartedMain] o.s.s.web.DefaultSecurityFilterChain     : Will secure any request with [org.springframework.security.web.session.DisableEncodeUrlFilter@56ba35ce, org.springframework.security.web.context.request.async.WebAsyncManagerIntegrationFilter@2654be06, org.springframework.security.web.context.SecurityContextPersistenceFilter@b343bed, org.springframework.security.web.header.HeaderWriterFilter@7bc32d92, org.springframework.security.web.authentication.logout.LogoutFilter@c9b2ace, org.springframework.security.web.authentication.UsernamePasswordAuthenticationFilter@21238a9f, org.springframework.security.web.savedrequest.RequestCacheAwareFilter@43a6574d, org.springframework.security.web.servletapi.SecurityContextHolderAwareRequestFilter@46fee64c, org.springframework.security.web.authentication.AnonymousAuthenticationFilter@1b1eaf21, org.springframework.security.web.session.SessionManagementFilter@279530e8, org.springframework.security.web.access.ExceptionTranslationFilter@513fae70, org.springframework.security.web.access.intercept.FilterSecurityInterceptor@44e68f10]
2024-06-08 21:02:55.640  WARN 5740 --- [restartedMain] JpaBaseConfiguration$JpaWebConfiguration : spring.jpa.open-in-view is enabled by default. Therefore, database queries may be performed during view rendering. Explicitly configure spring.jpa.open-in-view to disable this warning
2024-06-08 21:02:56.199  INFO 5740 --- [restartedMain] o.s.b.d.a.OptionalLiveReloadServer       : LiveReload server is running on port 35729
2024-06-08 21:02:56.245  INFO 5740 --- [restartedMain] o.s.b.w.embedded.tomcat.TomcatWebServer  : Tomcat started on port(s): 8088 (http) with context path ''
2024-06-08 21:02:56.259  INFO 5740 --- [restartedMain] project.todolist.TodolistApplication     : Started TodolistApplication in 6.665 seconds (JVM running for 11.617)
2024-06-08 21:03:49.128  INFO 5740 --- [http-nio-8088-exec-1] o.a.c.c.C.[Tomcat].[localhost].[/]       : Initializing Spring DispatcherServlet 'dispatcherServlet'
2024-06-08 21:03:49.128  INFO 5740 --- [http-nio-8088-exec-1] o.s.web.servlet.DispatcherServlet        : Initializing Servlet 'dispatcherServlet'
2024-06-08 21:03:49.130  INFO 5740 --- [http-nio-8088-exec-1] o.s.web.servlet.DispatcherServlet        : Completed initialization in 2 ms
2024-06-08 23:23:25.385 ERROR 5740 --- [http-nio-8088-exec-8] p.t.s.WebSecurityUserDetailsService      : WebSecurityUserDetailsService#loadUserByUsername: User with username=test.tester@gmail.com was not found
2024-06-08 23:26:25.821  INFO 5740 --- [SpringApplicationShutdownHook] j.LocalContainerEntityManagerFactoryBean : Closing JPA EntityManagerFactory for persistence unit 'default'
2024-06-08 23:26:25.838  INFO 5740 --- [SpringApplicationShutdownHook] com.zaxxer.hikari.HikariDataSource       : HikariPool-1 - Shutdown initiated...
2024-06-08 23:26:25.897  INFO 5740 --- [SpringApplicationShutdownHook] com.zaxxer.hikari.HikariDataSource       : HikariPool-1 - Shutdown completed.
2024-06-08 23:26:31.139  INFO 12832 --- [restartedMain] project.todolist.TodolistApplication     : Starting TodolistApplication using Java 17.0.11 on DESKTOP-J9ECCIO with PID 12832 (C:\Users\pc\Desktop\todolist-main\target\classes started by pc in C:\Users\pc\Desktop\todolist-main)
2024-06-08 23:26:31.141  INFO 12832 --- [restartedMain] project.todolist.TodolistApplication     : No active profile set, falling back to 1 default profile: "default"
2024-06-08 23:26:31.200  INFO 12832 --- [restartedMain] .e.DevToolsPropertyDefaultsPostProcessor : Devtools property defaults active! Set 'spring.devtools.add-properties' to 'false' to disable
2024-06-08 23:26:31.200  INFO 12832 --- [restartedMain] .e.DevToolsPropertyDefaultsPostProcessor : For additional web related logging consider setting the 'logging.level.web' property to 'DEBUG'
2024-06-08 23:26:32.172  INFO 12832 --- [restartedMain] .s.d.r.c.RepositoryConfigurationDelegate : Bootstrapping Spring Data JPA repositories in DEFAULT mode.
2024-06-08 23:26:32.264  INFO 12832 --- [restartedMain] .s.d.r.c.RepositoryConfigurationDelegate : Finished Spring Data repository scanning in 80 ms. Found 5 JPA repository interfaces.
2024-06-08 23:26:33.258  INFO 12832 --- [restartedMain] o.s.b.w.embedded.tomcat.TomcatWebServer  : Tomcat initialized with port(s): 8088 (http)
2024-06-08 23:26:33.275  INFO 12832 --- [restartedMain] o.apache.catalina.core.StandardService   : Starting service [Tomcat]
2024-06-08 23:26:33.276  INFO 12832 --- [restartedMain] org.apache.catalina.core.StandardEngine  : Starting Servlet engine: [Apache Tomcat/9.0.71]
2024-06-08 23:26:33.400  INFO 12832 --- [restartedMain] o.a.c.c.C.[Tomcat].[localhost].[/]       : Initializing Spring embedded WebApplicationContext
2024-06-08 23:26:33.402  INFO 12832 --- [restartedMain] w.s.c.ServletWebServerApplicationContext : Root WebApplicationContext: initialization completed in 2201 ms
2024-06-08 23:26:33.733  INFO 12832 --- [restartedMain] o.hibernate.jpa.internal.util.LogHelper  : HHH000204: Processing PersistenceUnitInfo [name: default]
2024-06-08 23:26:33.818  INFO 12832 --- [restartedMain] org.hibernate.Version                    : HHH000412: Hibernate ORM core version 5.6.14.Final
2024-06-08 23:26:34.092  INFO 12832 --- [restartedMain] o.hibernate.annotations.common.Version   : HCANN000001: Hibernate Commons Annotations {5.1.2.Final}
2024-06-08 23:26:34.272  INFO 12832 --- [restartedMain] com.zaxxer.hikari.HikariDataSource       : HikariPool-1 - Starting...
2024-06-08 23:26:34.711  INFO 12832 --- [restartedMain] com.zaxxer.hikari.HikariDataSource       : HikariPool-1 - Start completed.
2024-06-08 23:26:34.761  INFO 12832 --- [restartedMain] org.hibernate.dialect.Dialect            : HHH000400: Using dialect: org.hibernate.dialect.MySQL8Dialect
2024-06-08 23:26:36.115  INFO 12832 --- [restartedMain] o.h.e.t.j.p.i.JtaPlatformInitiator       : HHH000490: Using JtaPlatform implementation: [org.hibernate.engine.transaction.jta.platform.internal.NoJtaPlatform]
2024-06-08 23:26:36.129  INFO 12832 --- [restartedMain] j.LocalContainerEntityManagerFactoryBean : Initialized JPA EntityManagerFactory for persistence unit 'default'
2024-06-08 23:26:37.183  INFO 12832 --- [restartedMain] o.s.s.web.DefaultSecurityFilterChain     : Will secure any request with [org.springframework.security.web.session.DisableEncodeUrlFilter@38df8edc, org.springframework.security.web.context.request.async.WebAsyncManagerIntegrationFilter@2ac65ecf, org.springframework.security.web.context.SecurityContextPersistenceFilter@6c738d0a, org.springframework.security.web.header.HeaderWriterFilter@2d6ffe1e, org.springframework.security.web.authentication.logout.LogoutFilter@1bc360, org.springframework.security.web.authentication.UsernamePasswordAuthenticationFilter@5b0f7c95, org.springframework.security.web.savedrequest.RequestCacheAwareFilter@724583da, org.springframework.security.web.servletapi.SecurityContextHolderAwareRequestFilter@39d361cc, org.springframework.security.web.authentication.AnonymousAuthenticationFilter@a0d64d6, org.springframework.security.web.session.SessionManagementFilter@506c9a3a, org.springframework.security.web.access.ExceptionTranslationFilter@1955fe01, org.springframework.security.web.access.intercept.FilterSecurityInterceptor@59e96c44]
2024-06-08 23:26:37.273  WARN 12832 --- [restartedMain] JpaBaseConfiguration$JpaWebConfiguration : spring.jpa.open-in-view is enabled by default. Therefore, database queries may be performed during view rendering. Explicitly configure spring.jpa.open-in-view to disable this warning
2024-06-08 23:26:37.987  INFO 12832 --- [restartedMain] o.s.b.d.a.OptionalLiveReloadServer       : LiveReload server is running on port 35729
2024-06-08 23:26:38.056  INFO 12832 --- [restartedMain] o.s.b.w.embedded.tomcat.TomcatWebServer  : Tomcat started on port(s): 8088 (http) with context path ''
2024-06-08 23:26:38.074  INFO 12832 --- [restartedMain] project.todolist.TodolistApplication     : Started TodolistApplication in 7.45 seconds (JVM running for 8.397)
2024-06-08 23:26:39.955  INFO 12832 --- [http-nio-8088-exec-3] o.a.c.c.C.[Tomcat].[localhost].[/]       : Initializing Spring DispatcherServlet 'dispatcherServlet'
2024-06-08 23:26:39.956  INFO 12832 --- [http-nio-8088-exec-3] o.s.web.servlet.DispatcherServlet        : Initializing Servlet 'dispatcherServlet'
2024-06-08 23:26:39.958  INFO 12832 --- [http-nio-8088-exec-3] o.s.web.servlet.DispatcherServlet        : Completed initialization in 1 ms
2024-06-08 23:30:58.402  INFO 12832 --- [http-nio-8088-exec-4] p.todolist.service.impl.ToDoServiceImpl  : ToDoServiceImpl#delete: Deleted ToDo(id=1, title=Testerchanges, description=It just a test for me , hey im the developer of this app asdasdasdasd, createdAt=2024-05-20T19:40, owner=User(id=7, firstName=Rtesteer, lastName=Ftester, email=test@gmail.com, password=$2a$16$FHTVz04BfPplwKGtkQMzbOxg3LmcaKcx57jyBqdaAfGh/jC4Vcp8K, role=Role(id=2, name=USER)))
2024-06-08 23:31:35.087  INFO 12832 --- [http-nio-8088-exec-1] p.todolist.service.impl.UserServiceImpl  : UserServiceImpl#delete: Deleted User(id=6, firstName=Nora, lastName=White, email=nora@mail.com, password=$2a$10$yYQaJrHzjOgD5wWCyelp0e1Yv1KEKeqUlYfLZQ1OQvyUrnEcX/rOy, role=Role(id=2, name=USER))
2024-06-08 23:31:35.110  WARN 12832 --- [http-nio-8088-exec-1] o.h.engine.jdbc.spi.SqlExceptionHelper   : SQL Error: 1451, SQLState: 23000
2024-06-08 23:31:35.110 ERROR 12832 --- [http-nio-8088-exec-1] o.h.engine.jdbc.spi.SqlExceptionHelper   : Cannot delete or update a parent row: a foreign key constraint fails (`todo_list`.`todos_collaborators`, CONSTRAINT `FKgb63a2vlwu3ir0q9oxid85v18` FOREIGN KEY (`collaborator_id`) REFERENCES `users` (`id`))
2024-06-08 23:31:35.111  INFO 12832 --- [http-nio-8088-exec-1] o.h.e.j.b.internal.AbstractBatchImpl     : HHH000010: On release of batch it still contained JDBC statements
2024-06-08 23:31:35.120  WARN 12832 --- [http-nio-8088-exec-1] .m.m.a.ExceptionHandlerExceptionResolver : Resolved [org.springframework.dao.DataIntegrityViolationException: could not execute statement; SQL [n/a]; constraint [null]; nested exception is org.hibernate.exception.ConstraintViolationException: could not execute statement]
2024-06-08 23:31:42.930  INFO 12832 --- [http-nio-8088-exec-2] p.todolist.service.impl.UserServiceImpl  : UserServiceImpl#delete: Deleted User(id=7, firstName=Rtesteer, lastName=Ftester, email=test@gmail.com, password=$2a$16$FHTVz04BfPplwKGtkQMzbOxg3LmcaKcx57jyBqdaAfGh/jC4Vcp8K, role=Role(id=2, name=USER))
2024-06-08 23:31:56.936  INFO 12832 --- [http-nio-8088-exec-1] p.todolist.service.impl.UserServiceImpl  : UserServiceImpl#delete: Deleted User(id=6, firstName=Nora, lastName=White, email=nora@mail.com, password=$2a$10$yYQaJrHzjOgD5wWCyelp0e1Yv1KEKeqUlYfLZQ1OQvyUrnEcX/rOy, role=Role(id=2, name=USER))
2024-06-08 23:31:59.956  INFO 12832 --- [http-nio-8088-exec-2] p.todolist.service.impl.UserServiceImpl  : UserServiceImpl#delete: Deleted User(id=4, firstName=Mike, lastName=Brown, email=mike@mail.com, password=123456, role=Role(id=1, name=ADMIN))
2024-06-08 23:32:12.908  INFO 12832 --- [http-nio-8088-exec-9] p.todolist.service.impl.UserServiceImpl  : UserServiceImpl#delete: Deleted User(id=8, firstName=Ilyas, lastName=Soussi, email=ilyas@gmail.com, password=$2a$16$W5Ad6BfkodO/6O6ykRILaecXNI6DF9Q9D13.t/dzYZwvgqY8MKhQK, role=Role(id=1, name=ADMIN))
2024-06-08 23:32:14.076  INFO 12832 --- [http-nio-8088-exec-1] p.todolist.service.impl.UserServiceImpl  : UserServiceImpl#delete: Deleted User(id=9, firstName=Ttesgdais, lastName=Soussiasdasdasd, email=ilyas.sadasdsoussi@gmail.com, password=$2a$16$C/VZAXGyAFY/kG6kIGNHbOekne.JNXieIsgGL4A/di8AaiXCGIXFe, role=Role(id=2, name=USER))
2024-06-08 23:32:17.457 ERROR 12832 --- [http-nio-8088-exec-5] p.todolist.service.impl.UserServiceImpl  : UserServiceImpl#readById: User (id=8) was not found
2024-06-08 23:32:17.458  WARN 12832 --- [http-nio-8088-exec-5] .m.m.a.ExceptionHandlerExceptionResolver : Resolved [javax.persistence.EntityNotFoundException: User (id=8) was not found]
2024-06-08 23:32:20.698 ERROR 12832 --- [http-nio-8088-exec-7] p.todolist.service.impl.UserServiceImpl  : UserServiceImpl#readById: User (id=8) was not found
2024-06-08 23:32:20.699  WARN 12832 --- [http-nio-8088-exec-7] .m.m.a.ExceptionHandlerExceptionResolver : Resolved [javax.persistence.EntityNotFoundException: User (id=8) was not found]
2024-06-08 23:32:21.293 ERROR 12832 --- [http-nio-8088-exec-10] p.todolist.service.impl.UserServiceImpl  : UserServiceImpl#readById: User (id=8) was not found
2024-06-08 23:32:21.294  WARN 12832 --- [http-nio-8088-exec-10] .m.m.a.ExceptionHandlerExceptionResolver : Resolved [javax.persistence.EntityNotFoundException: User (id=8) was not found]
2024-06-08 23:32:21.458 ERROR 12832 --- [http-nio-8088-exec-9] p.todolist.service.impl.UserServiceImpl  : UserServiceImpl#readById: User (id=8) was not found
2024-06-08 23:32:21.460  WARN 12832 --- [http-nio-8088-exec-9] .m.m.a.ExceptionHandlerExceptionResolver : Resolved [javax.persistence.EntityNotFoundException: User (id=8) was not found]
2024-06-08 23:32:21.626 ERROR 12832 --- [http-nio-8088-exec-8] p.todolist.service.impl.UserServiceImpl  : UserServiceImpl#readById: User (id=8) was not found
2024-06-08 23:32:21.628  WARN 12832 --- [http-nio-8088-exec-8] .m.m.a.ExceptionHandlerExceptionResolver : Resolved [javax.persistence.EntityNotFoundException: User (id=8) was not found]
2024-06-08 23:32:21.758 ERROR 12832 --- [http-nio-8088-exec-1] p.todolist.service.impl.UserServiceImpl  : UserServiceImpl#readById: User (id=8) was not found
2024-06-08 23:32:21.758  WARN 12832 --- [http-nio-8088-exec-1] .m.m.a.ExceptionHandlerExceptionResolver : Resolved [javax.persistence.EntityNotFoundException: User (id=8) was not found]
2024-06-08 23:32:21.938 ERROR 12832 --- [http-nio-8088-exec-3] p.todolist.service.impl.UserServiceImpl  : UserServiceImpl#readById: User (id=8) was not found
2024-06-08 23:32:21.939  WARN 12832 --- [http-nio-8088-exec-3] .m.m.a.ExceptionHandlerExceptionResolver : Resolved [javax.persistence.EntityNotFoundException: User (id=8) was not found]
2024-06-08 23:32:22.082 ERROR 12832 --- [http-nio-8088-exec-2] p.todolist.service.impl.UserServiceImpl  : UserServiceImpl#readById: User (id=8) was not found
2024-06-08 23:32:22.083  WARN 12832 --- [http-nio-8088-exec-2] .m.m.a.ExceptionHandlerExceptionResolver : Resolved [javax.persistence.EntityNotFoundException: User (id=8) was not found]
2024-06-08 23:32:22.219 ERROR 12832 --- [http-nio-8088-exec-4] p.todolist.service.impl.UserServiceImpl  : UserServiceImpl#readById: User (id=8) was not found
2024-06-08 23:32:22.221  WARN 12832 --- [http-nio-8088-exec-4] .m.m.a.ExceptionHandlerExceptionResolver : Resolved [javax.persistence.EntityNotFoundException: User (id=8) was not found]
2024-06-08 23:32:22.369 ERROR 12832 --- [http-nio-8088-exec-6] p.todolist.service.impl.UserServiceImpl  : UserServiceImpl#readById: User (id=8) was not found
2024-06-08 23:32:22.369  WARN 12832 --- [http-nio-8088-exec-6] .m.m.a.ExceptionHandlerExceptionResolver : Resolved [javax.persistence.EntityNotFoundException: User (id=8) was not found]
2024-06-08 23:32:22.533 ERROR 12832 --- [http-nio-8088-exec-5] p.todolist.service.impl.UserServiceImpl  : UserServiceImpl#readById: User (id=8) was not found
2024-06-08 23:32:22.533  WARN 12832 --- [http-nio-8088-exec-5] .m.m.a.ExceptionHandlerExceptionResolver : Resolved [javax.persistence.EntityNotFoundException: User (id=8) was not found]
2024-06-08 23:32:22.686 ERROR 12832 --- [http-nio-8088-exec-7] p.todolist.service.impl.UserServiceImpl  : UserServiceImpl#readById: User (id=8) was not found
2024-06-08 23:32:22.686  WARN 12832 --- [http-nio-8088-exec-7] .m.m.a.ExceptionHandlerExceptionResolver : Resolved [javax.persistence.EntityNotFoundException: User (id=8) was not found]
2024-06-08 23:32:22.856 ERROR 12832 --- [http-nio-8088-exec-10] p.todolist.service.impl.UserServiceImpl  : UserServiceImpl#readById: User (id=8) was not found
2024-06-08 23:32:22.857  WARN 12832 --- [http-nio-8088-exec-10] .m.m.a.ExceptionHandlerExceptionResolver : Resolved [javax.persistence.EntityNotFoundException: User (id=8) was not found]
2024-06-08 23:32:23.005 ERROR 12832 --- [http-nio-8088-exec-9] p.todolist.service.impl.UserServiceImpl  : UserServiceImpl#readById: User (id=8) was not found
2024-06-08 23:32:23.005  WARN 12832 --- [http-nio-8088-exec-9] .m.m.a.ExceptionHandlerExceptionResolver : Resolved [javax.persistence.EntityNotFoundException: User (id=8) was not found]
2024-06-08 23:32:37.201  INFO 12832 --- [SpringApplicationShutdownHook] j.LocalContainerEntityManagerFactoryBean : Closing JPA EntityManagerFactory for persistence unit 'default'
2024-06-08 23:32:37.206  INFO 12832 --- [SpringApplicationShutdownHook] com.zaxxer.hikari.HikariDataSource       : HikariPool-1 - Shutdown initiated...
2024-06-08 23:32:37.225  INFO 12832 --- [SpringApplicationShutdownHook] com.zaxxer.hikari.HikariDataSource       : HikariPool-1 - Shutdown completed.
